2020-07-15 09:03:46.739  INFO 17472 --- [main] c.g.i.m.MyWallpaperMgrApplicationKt      : Starting MyWallpaperMgrApplicationKt on V1-PC with PID 17472 (C:\Users\W10\IdeaProjects\MyWallpaperMgr\target\classes started by W10 in C:\Users\W10\IdeaProjects\MyWallpaperMgr)
2020-07-15 09:03:46.739  INFO 17472 --- [main] c.g.i.m.MyWallpaperMgrApplicationKt      : No active profile set, falling back to default profiles: default
2020-07-15 09:03:47.942  INFO 17472 --- [main] .s.d.r.c.RepositoryConfigurationDelegate : Bootstrapping Spring Data JPA repositories in DEFERRED mode.
2020-07-15 09:03:48.042  INFO 17472 --- [main] .s.d.r.c.RepositoryConfigurationDelegate : Finished Spring Data repository scanning in 88ms. Found 1 JPA repository interfaces.
2020-07-15 09:03:48.907  INFO 17472 --- [main] o.s.b.w.embedded.tomcat.TomcatWebServer  : Tomcat initialized with port(s): 9876 (http)
2020-07-15 09:03:48.907  INFO 17472 --- [main] o.apache.catalina.core.StandardService   : Starting service [Tomcat]
2020-07-15 09:03:48.907  INFO 17472 --- [main] org.apache.catalina.core.StandardEngine  : Starting Servlet engine: [Apache Tomcat/9.0.36]
2020-07-15 09:03:49.090  INFO 17472 --- [main] o.a.c.c.C.[Tomcat].[localhost].[/]       : Initializing Spring embedded WebApplicationContext
2020-07-15 09:03:49.090  INFO 17472 --- [main] w.s.c.ServletWebServerApplicationContext : Root WebApplicationContext: initialization completed in 2235 ms
2020-07-15 09:03:49.144  INFO 17472 --- [main] com.zaxxer.hikari.HikariDataSource       : HikariPool-1 - Starting...
2020-07-15 09:03:54.052  INFO 17472 --- [main] com.zaxxer.hikari.HikariDataSource       : HikariPool-1 - Start completed.
2020-07-15 09:03:54.061  INFO 17472 --- [main] o.s.b.a.h2.H2ConsoleAutoConfiguration    : H2 console available at '/h2-console'. Database available at 'jdbc:h2:file:~/h2/mywallpapermgr'
2020-07-15 09:03:54.271  INFO 17472 --- [main] o.s.s.concurrent.ThreadPoolTaskExecutor  : Initializing ExecutorService 'applicationTaskExecutor'
2020-07-15 09:03:54.331  INFO 17472 --- [task-1] o.hibernate.jpa.internal.util.LogHelper  : HHH000204: Processing PersistenceUnitInfo [name: default]
2020-07-15 09:03:54.422  INFO 17472 --- [task-1] org.hibernate.Version                    : HHH000412: Hibernate ORM core version 5.4.17.Final
2020-07-15 09:03:54.453  WARN 17472 --- [main] JpaBaseConfiguration$JpaWebConfiguration : spring.jpa.open-in-view is enabled by default. Therefore, database queries may be performed during view rendering. Explicitly configure spring.jpa.open-in-view to disable this warning
2020-07-15 09:03:54.705  INFO 17472 --- [task-1] o.hibernate.annotations.common.Version   : HCANN000001: Hibernate Commons Annotations {5.1.0.Final}
2020-07-15 09:03:54.937  INFO 17472 --- [task-1] org.hibernate.dialect.Dialect            : HHH000400: Using dialect: org.hibernate.dialect.H2Dialect
2020-07-15 09:03:55.030  INFO 17472 --- [main] o.s.b.w.embedded.tomcat.TomcatWebServer  : Tomcat started on port(s): 9876 (http) with context path ''
2020-07-15 09:03:55.030  INFO 17472 --- [main] DeferredRepositoryInitializationListener : Triggering deferred initialization of Spring Data repositories…
2020-07-15 09:03:55.677  INFO 17472 --- [task-1] o.h.e.t.j.p.i.JtaPlatformInitiator       : HHH000490: Using JtaPlatform implementation: [org.hibernate.engine.transaction.jta.platform.internal.NoJtaPlatform]
2020-07-15 09:03:55.693  INFO 17472 --- [task-1] j.LocalContainerEntityManagerFactoryBean : Initialized JPA EntityManagerFactory for persistence unit 'default'
2020-07-15 09:03:56.048  INFO 17472 --- [main] DeferredRepositoryInitializationListener : Spring Data repositories initialized!
2020-07-15 09:03:56.063  INFO 17472 --- [main] c.g.i.m.MyWallpaperMgrApplicationKt      : Started MyWallpaperMgrApplicationKt in 10.221 seconds (JVM running for 15.404)
2020-07-15 09:33:51.972  INFO 17472 --- [http-nio-9876-exec-1] o.a.c.c.C.[Tomcat].[localhost].[/]       : Initializing Spring DispatcherServlet 'dispatcherServlet'
2020-07-15 09:33:51.973  INFO 17472 --- [http-nio-9876-exec-1] o.s.web.servlet.DispatcherServlet        : Initializing Servlet 'dispatcherServlet'
2020-07-15 09:33:51.987  INFO 17472 --- [http-nio-9876-exec-1] o.s.web.servlet.DispatcherServlet        : Completed initialization in 14 ms
2020-07-15 09:37:56.603  INFO 17472 --- [SpringContextShutdownHook] j.LocalContainerEntityManagerFactoryBean : Closing JPA EntityManagerFactory for persistence unit 'default'
2020-07-15 09:37:56.603  INFO 17472 --- [SpringContextShutdownHook] o.s.s.concurrent.ThreadPoolTaskExecutor  : Shutting down ExecutorService 'applicationTaskExecutor'
2020-07-15 09:37:56.603  INFO 17472 --- [SpringContextShutdownHook] com.zaxxer.hikari.HikariDataSource       : HikariPool-1 - Shutdown initiated...
2020-07-15 09:37:56.618  INFO 17472 --- [SpringContextShutdownHook] com.zaxxer.hikari.HikariDataSource       : HikariPool-1 - Shutdown completed.
2020-07-15 09:38:09.118  INFO 6436 --- [main] c.g.i.m.MyWallpaperMgrApplicationKt      : Starting MyWallpaperMgrApplicationKt on V1-PC with PID 6436 (C:\Users\W10\IdeaProjects\MyWallpaperMgr\target\classes started by W10 in C:\Users\W10\IdeaProjects\MyWallpaperMgr)
2020-07-15 09:38:09.127  INFO 6436 --- [main] c.g.i.m.MyWallpaperMgrApplicationKt      : No active profile set, falling back to default profiles: default
2020-07-15 09:38:10.535  INFO 6436 --- [main] .s.d.r.c.RepositoryConfigurationDelegate : Bootstrapping Spring Data JPA repositories in DEFERRED mode.
2020-07-15 09:38:10.646  INFO 6436 --- [main] .s.d.r.c.RepositoryConfigurationDelegate : Finished Spring Data repository scanning in 97ms. Found 1 JPA repository interfaces.
2020-07-15 09:38:11.500  INFO 6436 --- [main] o.s.b.w.embedded.tomcat.TomcatWebServer  : Tomcat initialized with port(s): 9876 (http)
2020-07-15 09:38:11.537  INFO 6436 --- [main] o.apache.catalina.core.StandardService   : Starting service [Tomcat]
2020-07-15 09:38:11.537  INFO 6436 --- [main] org.apache.catalina.core.StandardEngine  : Starting Servlet engine: [Apache Tomcat/9.0.36]
2020-07-15 09:38:11.653  INFO 6436 --- [main] o.a.c.c.C.[Tomcat].[localhost].[/]       : Initializing Spring embedded WebApplicationContext
2020-07-15 09:38:11.653  INFO 6436 --- [main] w.s.c.ServletWebServerApplicationContext : Root WebApplicationContext: initialization completed in 2363 ms
2020-07-15 09:38:11.722  INFO 6436 --- [main] com.zaxxer.hikari.HikariDataSource       : HikariPool-1 - Starting...
2020-07-15 09:38:20.703  INFO 6436 --- [main] com.zaxxer.hikari.HikariDataSource       : HikariPool-1 - Start completed.
2020-07-15 09:38:20.719  INFO 6436 --- [main] o.s.b.a.h2.H2ConsoleAutoConfiguration    : H2 console available at '/h2-console'. Database available at 'jdbc:h2:file:~/h2/mywallpapermgr'
2020-07-15 09:38:20.919  INFO 6436 --- [main] o.s.s.concurrent.ThreadPoolTaskExecutor  : Initializing ExecutorService 'applicationTaskExecutor'
2020-07-15 09:38:20.919  INFO 6436 --- [main] o.s.s.c.ThreadPoolTaskScheduler          : Initializing ExecutorService 'taskScheduler'
2020-07-15 09:38:21.001  INFO 6436 --- [task-1] o.hibernate.jpa.internal.util.LogHelper  : HHH000204: Processing PersistenceUnitInfo [name: default]
2020-07-15 09:38:21.089  INFO 6436 --- [task-1] org.hibernate.Version                    : HHH000412: Hibernate ORM core version 5.4.17.Final
2020-07-15 09:38:21.107  WARN 6436 --- [main] JpaBaseConfiguration$JpaWebConfiguration : spring.jpa.open-in-view is enabled by default. Therefore, database queries may be performed during view rendering. Explicitly configure spring.jpa.open-in-view to disable this warning
2020-07-15 09:38:21.354  INFO 6436 --- [task-1] o.hibernate.annotations.common.Version   : HCANN000001: Hibernate Commons Annotations {5.1.0.Final}
2020-07-15 09:38:21.539  INFO 6436 --- [task-1] org.hibernate.dialect.Dialect            : HHH000400: Using dialect: org.hibernate.dialect.H2Dialect
2020-07-15 09:38:21.608  INFO 6436 --- [main] o.s.b.w.embedded.tomcat.TomcatWebServer  : Tomcat started on port(s): 9876 (http) with context path ''
2020-07-15 09:38:21.608  INFO 6436 --- [main] DeferredRepositoryInitializationListener : Triggering deferred initialization of Spring Data repositories…
2020-07-15 09:38:22.226  INFO 6436 --- [task-1] o.h.e.t.j.p.i.JtaPlatformInitiator       : HHH000490: Using JtaPlatform implementation: [org.hibernate.engine.transaction.jta.platform.internal.NoJtaPlatform]
2020-07-15 09:38:22.241  INFO 6436 --- [task-1] j.LocalContainerEntityManagerFactoryBean : Initialized JPA EntityManagerFactory for persistence unit 'default'
2020-07-15 09:38:22.574  INFO 6436 --- [main] DeferredRepositoryInitializationListener : Spring Data repositories initialized!
2020-07-15 09:38:27.802  INFO 6436 --- [main] c.g.i.m.MyWallpaperMgrApplicationKt      : Started MyWallpaperMgrApplicationKt in 19.643 seconds (JVM running for 22.021)
2020-07-15 09:46:38.912  WARN 6436 --- [HikariPool-1 housekeeper] com.zaxxer.hikari.pool.HikariPool        : HikariPool-1 - Thread starvation or clock leap detected (housekeeper delta=3m18s48ms37µs800ns).
2020-07-15 11:41:28.255  INFO 6436 --- [http-nio-9876-exec-1] o.a.c.c.C.[Tomcat].[localhost].[/]       : Initializing Spring DispatcherServlet 'dispatcherServlet'
2020-07-15 11:41:28.261  INFO 6436 --- [http-nio-9876-exec-1] o.s.web.servlet.DispatcherServlet        : Initializing Servlet 'dispatcherServlet'
2020-07-15 11:41:28.328  INFO 6436 --- [http-nio-9876-exec-1] o.s.web.servlet.DispatcherServlet        : Completed initialization in 66 ms
2020-07-15 11:43:13.488  WARN 6436 --- [HikariPool-1 housekeeper] com.zaxxer.hikari.pool.HikariPool        : HikariPool-1 - Thread starvation or clock leap detected (housekeeper delta=2m4s201ms95µs800ns).
2020-07-15 11:48:10.756  WARN 6436 --- [HikariPool-1 housekeeper] com.zaxxer.hikari.pool.HikariPool        : HikariPool-1 - Thread starvation or clock leap detected (housekeeper delta=4m21s529ms688µs900ns).
2020-07-15 11:50:34.807  WARN 6436 --- [HikariPool-1 housekeeper] com.zaxxer.hikari.pool.HikariPool        : HikariPool-1 - Thread starvation or clock leap detected (housekeeper delta=1m48s826ms279µs100ns).
2020-07-15 11:50:36.524  INFO 6436 --- [SpringContextShutdownHook] j.LocalContainerEntityManagerFactoryBean : Closing JPA EntityManagerFactory for persistence unit 'default'
2020-07-15 11:50:36.529  INFO 6436 --- [SpringContextShutdownHook] o.s.s.c.ThreadPoolTaskScheduler          : Shutting down ExecutorService 'taskScheduler'
2020-07-15 11:50:36.530  INFO 6436 --- [SpringContextShutdownHook] o.s.s.concurrent.ThreadPoolTaskExecutor  : Shutting down ExecutorService 'applicationTaskExecutor'
2020-07-15 11:50:36.530  INFO 6436 --- [SpringContextShutdownHook] com.zaxxer.hikari.HikariDataSource       : HikariPool-1 - Shutdown initiated...
2020-07-15 11:50:36.535  INFO 6436 --- [SpringContextShutdownHook] com.zaxxer.hikari.HikariDataSource       : HikariPool-1 - Shutdown completed.
2020-07-15 11:51:02.172  INFO 14164 --- [main] c.g.i.m.MyWallpaperMgrApplicationKt      : Starting MyWallpaperMgrApplicationKt on V1-PC with PID 14164 (C:\Users\W10\IdeaProjects\MyWallpaperMgr\target\classes started by W10 in C:\Users\W10\IdeaProjects\MyWallpaperMgr)
2020-07-15 11:51:02.190  INFO 14164 --- [main] c.g.i.m.MyWallpaperMgrApplicationKt      : No active profile set, falling back to default profiles: default
2020-07-15 11:51:04.067  INFO 14164 --- [main] .s.d.r.c.RepositoryConfigurationDelegate : Bootstrapping Spring Data JPA repositories in DEFERRED mode.
2020-07-15 11:51:04.206  INFO 14164 --- [main] .s.d.r.c.RepositoryConfigurationDelegate : Finished Spring Data repository scanning in 120ms. Found 1 JPA repository interfaces.
2020-07-15 11:51:05.273  INFO 14164 --- [main] o.s.b.w.embedded.tomcat.TomcatWebServer  : Tomcat initialized with port(s): 9876 (http)
2020-07-15 11:51:05.289  INFO 14164 --- [main] o.apache.catalina.core.StandardService   : Starting service [Tomcat]
2020-07-15 11:51:05.289  INFO 14164 --- [main] org.apache.catalina.core.StandardEngine  : Starting Servlet engine: [Apache Tomcat/9.0.36]
2020-07-15 11:51:05.449  INFO 14164 --- [main] o.a.c.c.C.[Tomcat].[localhost].[/]       : Initializing Spring embedded WebApplicationContext
2020-07-15 11:51:05.450  INFO 14164 --- [main] w.s.c.ServletWebServerApplicationContext : Root WebApplicationContext: initialization completed in 3102 ms
2020-07-15 11:51:05.527  INFO 14164 --- [main] com.zaxxer.hikari.HikariDataSource       : HikariPool-1 - Starting...
2020-07-15 11:51:14.578  INFO 14164 --- [main] com.zaxxer.hikari.HikariDataSource       : HikariPool-1 - Start completed.
2020-07-15 11:51:14.589  INFO 14164 --- [main] o.s.b.a.h2.H2ConsoleAutoConfiguration    : H2 console available at '/h2-console'. Database available at 'jdbc:h2:file:~/h2/mywallpapermgr'
2020-07-15 11:51:14.877  INFO 14164 --- [main] o.s.s.concurrent.ThreadPoolTaskExecutor  : Initializing ExecutorService 'applicationTaskExecutor'
2020-07-15 11:51:14.894  INFO 14164 --- [main] o.s.s.c.ThreadPoolTaskScheduler          : Initializing ExecutorService 'taskScheduler'
2020-07-15 11:51:14.981  INFO 14164 --- [task-1] o.hibernate.jpa.internal.util.LogHelper  : HHH000204: Processing PersistenceUnitInfo [name: default]
2020-07-15 11:51:15.099  INFO 14164 --- [task-1] org.hibernate.Version                    : HHH000412: Hibernate ORM core version 5.4.17.Final
2020-07-15 11:51:15.138  WARN 14164 --- [main] JpaBaseConfiguration$JpaWebConfiguration : spring.jpa.open-in-view is enabled by default. Therefore, database queries may be performed during view rendering. Explicitly configure spring.jpa.open-in-view to disable this warning
2020-07-15 11:51:15.444  INFO 14164 --- [task-1] o.hibernate.annotations.common.Version   : HCANN000001: Hibernate Commons Annotations {5.1.0.Final}
2020-07-15 11:51:15.714  INFO 14164 --- [task-1] org.hibernate.dialect.Dialect            : HHH000400: Using dialect: org.hibernate.dialect.H2Dialect
2020-07-15 11:51:15.873  INFO 14164 --- [main] o.s.b.w.embedded.tomcat.TomcatWebServer  : Tomcat started on port(s): 9876 (http) with context path ''
2020-07-15 11:51:15.879  INFO 14164 --- [main] DeferredRepositoryInitializationListener : Triggering deferred initialization of Spring Data repositories…
2020-07-15 11:51:16.819  INFO 14164 --- [task-1] o.h.e.t.j.p.i.JtaPlatformInitiator       : HHH000490: Using JtaPlatform implementation: [org.hibernate.engine.transaction.jta.platform.internal.NoJtaPlatform]
2020-07-15 11:51:16.837  INFO 14164 --- [task-1] j.LocalContainerEntityManagerFactoryBean : Initialized JPA EntityManagerFactory for persistence unit 'default'
2020-07-15 11:51:17.300  INFO 14164 --- [main] DeferredRepositoryInitializationListener : Spring Data repositories initialized!
2020-07-15 11:51:34.795  INFO 14164 --- [main] c.g.i.m.MyWallpaperMgrApplicationKt      : Started MyWallpaperMgrApplicationKt in 33.946 seconds (JVM running for 37.325)
2020-07-15 11:51:35.292 ERROR 14164 --- [scheduling-1] o.s.s.s.TaskUtils$LoggingErrorHandler    : Unexpected error occurred in scheduled task

java.lang.ExceptionInInitializerError: null
	at com.github.imtiazea.mywallpapermgr.services.WindowsNativeWallpaperService$SPI$Companion.<clinit>(WindowsNativeWallpaperService.kt:38) ~[classes/:na]
	at com.github.imtiazea.mywallpapermgr.services.WindowsNativeWallpaperService$SPI.<clinit>(WindowsNativeWallpaperService.kt) ~[classes/:na]
	at com.github.imtiazea.mywallpapermgr.services.WindowsNativeWallpaperService.setWallpaper(WindowsNativeWallpaperService.kt:18) ~[classes/:na]
	at com.github.imtiazea.mywallpapermgr.services.WallpaperImageService.setImageAsWallpaper(WallpaperImageService.kt:104) ~[classes/:na]
	at com.github.imtiazea.mywallpapermgr.services.WallpaperImageService.changeWallpaperForCurrentTask(WallpaperImageService.kt:114) ~[classes/:na]
	at sun.reflect.NativeMethodAccessorImpl.invoke0(Native Method) ~[na:1.8.0_151]
	at sun.reflect.NativeMethodAccessorImpl.invoke(NativeMethodAccessorImpl.java:62) ~[na:1.8.0_151]
	at sun.reflect.DelegatingMethodAccessorImpl.invoke(DelegatingMethodAccessorImpl.java:43) ~[na:1.8.0_151]
	at java.lang.reflect.Method.invoke(Method.java:498) ~[na:1.8.0_151]
	at org.springframework.scheduling.support.ScheduledMethodRunnable.run(ScheduledMethodRunnable.java:84) ~[spring-context-5.2.7.RELEASE.jar:5.2.7.RELEASE]
	at org.springframework.scheduling.support.DelegatingErrorHandlingRunnable.run(DelegatingErrorHandlingRunnable.java:54) ~[spring-context-5.2.7.RELEASE.jar:5.2.7.RELEASE]
	at java.util.concurrent.Executors$RunnableAdapter.call(Executors.java:511) [na:1.8.0_151]
	at java.util.concurrent.FutureTask.runAndReset$$$capture(FutureTask.java:308) [na:1.8.0_151]
	at java.util.concurrent.FutureTask.runAndReset(FutureTask.java) [na:1.8.0_151]
	at java.util.concurrent.ScheduledThreadPoolExecutor$ScheduledFutureTask.access$301(ScheduledThreadPoolExecutor.java:180) [na:1.8.0_151]
	at java.util.concurrent.ScheduledThreadPoolExecutor$ScheduledFutureTask.run(ScheduledThreadPoolExecutor.java:294) [na:1.8.0_151]
	at java.util.concurrent.ThreadPoolExecutor.runWorker(ThreadPoolExecutor.java:1149) [na:1.8.0_151]
	at java.util.concurrent.ThreadPoolExecutor$Worker.run(ThreadPoolExecutor.java:624) [na:1.8.0_151]
	at java.lang.Thread.run(Thread.java:748) [na:1.8.0_151]
Caused by: java.lang.IllegalStateException: Shutdown in progress
	at java.lang.ApplicationShutdownHooks.add(ApplicationShutdownHooks.java:66) ~[na:1.8.0_151]
	at java.lang.Runtime.addShutdownHook(Runtime.java:211) ~[na:1.8.0_151]
	at com.sun.jna.Native.loadNativeLibraryFromJar(Native.java:590) ~[jna-3.0.9.jar:3.0.9 b0]
	at com.sun.jna.Native.loadNativeLibrary(Native.java:550) ~[jna-3.0.9.jar:3.0.9 b0]
	at com.sun.jna.Native.<clinit>(Native.java:87) ~[jna-3.0.9.jar:3.0.9 b0]
	... 19 common frames omitted

2020-07-15 11:51:36.277  INFO 14164 --- [SpringContextShutdownHook] j.LocalContainerEntityManagerFactoryBean : Closing JPA EntityManagerFactory for persistence unit 'default'
2020-07-15 11:51:36.281  INFO 14164 --- [SpringContextShutdownHook] o.s.s.c.ThreadPoolTaskScheduler          : Shutting down ExecutorService 'taskScheduler'
2020-07-15 11:51:36.281  INFO 14164 --- [SpringContextShutdownHook] o.s.s.concurrent.ThreadPoolTaskExecutor  : Shutting down ExecutorService 'applicationTaskExecutor'
2020-07-15 11:51:36.282  INFO 14164 --- [SpringContextShutdownHook] com.zaxxer.hikari.HikariDataSource       : HikariPool-1 - Shutdown initiated...
2020-07-15 11:51:36.287  INFO 14164 --- [SpringContextShutdownHook] com.zaxxer.hikari.HikariDataSource       : HikariPool-1 - Shutdown completed.
2020-07-15 11:51:47.681  INFO 7628 --- [main] c.g.i.m.MyWallpaperMgrApplicationKt      : Starting MyWallpaperMgrApplicationKt on V1-PC with PID 7628 (C:\Users\W10\IdeaProjects\MyWallpaperMgr\target\classes started by W10 in C:\Users\W10\IdeaProjects\MyWallpaperMgr)
2020-07-15 11:51:47.687  INFO 7628 --- [main] c.g.i.m.MyWallpaperMgrApplicationKt      : No active profile set, falling back to default profiles: default
2020-07-15 11:51:49.678  INFO 7628 --- [main] .s.d.r.c.RepositoryConfigurationDelegate : Bootstrapping Spring Data JPA repositories in DEFERRED mode.
2020-07-15 11:51:49.815  INFO 7628 --- [main] .s.d.r.c.RepositoryConfigurationDelegate : Finished Spring Data repository scanning in 117ms. Found 1 JPA repository interfaces.
2020-07-15 11:51:50.850  INFO 7628 --- [main] o.s.b.w.embedded.tomcat.TomcatWebServer  : Tomcat initialized with port(s): 9876 (http)
2020-07-15 11:51:50.864  INFO 7628 --- [main] o.apache.catalina.core.StandardService   : Starting service [Tomcat]
2020-07-15 11:51:50.865  INFO 7628 --- [main] org.apache.catalina.core.StandardEngine  : Starting Servlet engine: [Apache Tomcat/9.0.36]
2020-07-15 11:51:51.019  INFO 7628 --- [main] o.a.c.c.C.[Tomcat].[localhost].[/]       : Initializing Spring embedded WebApplicationContext
2020-07-15 11:51:51.020  INFO 7628 --- [main] w.s.c.ServletWebServerApplicationContext : Root WebApplicationContext: initialization completed in 3150 ms
2020-07-15 11:51:51.096  INFO 7628 --- [main] com.zaxxer.hikari.HikariDataSource       : HikariPool-1 - Starting...
2020-07-15 11:52:00.200  INFO 7628 --- [main] com.zaxxer.hikari.HikariDataSource       : HikariPool-1 - Start completed.
2020-07-15 11:52:00.210  INFO 7628 --- [main] o.s.b.a.h2.H2ConsoleAutoConfiguration    : H2 console available at '/h2-console'. Database available at 'jdbc:h2:file:~/h2/mywallpapermgr'
2020-07-15 11:52:00.456  INFO 7628 --- [main] o.s.s.concurrent.ThreadPoolTaskExecutor  : Initializing ExecutorService 'applicationTaskExecutor'
2020-07-15 11:52:00.470  INFO 7628 --- [main] o.s.s.c.ThreadPoolTaskScheduler          : Initializing ExecutorService 'taskScheduler'
2020-07-15 11:52:00.541  INFO 7628 --- [task-1] o.hibernate.jpa.internal.util.LogHelper  : HHH000204: Processing PersistenceUnitInfo [name: default]
2020-07-15 11:52:00.639  INFO 7628 --- [task-1] org.hibernate.Version                    : HHH000412: Hibernate ORM core version 5.4.17.Final
2020-07-15 11:52:00.687  WARN 7628 --- [main] JpaBaseConfiguration$JpaWebConfiguration : spring.jpa.open-in-view is enabled by default. Therefore, database queries may be performed during view rendering. Explicitly configure spring.jpa.open-in-view to disable this warning
2020-07-15 11:52:00.928  INFO 7628 --- [task-1] o.hibernate.annotations.common.Version   : HCANN000001: Hibernate Commons Annotations {5.1.0.Final}
2020-07-15 11:52:01.159  INFO 7628 --- [task-1] org.hibernate.dialect.Dialect            : HHH000400: Using dialect: org.hibernate.dialect.H2Dialect
2020-07-15 11:52:01.357  INFO 7628 --- [main] o.s.b.w.embedded.tomcat.TomcatWebServer  : Tomcat started on port(s): 9876 (http) with context path ''
2020-07-15 11:52:01.361  INFO 7628 --- [main] DeferredRepositoryInitializationListener : Triggering deferred initialization of Spring Data repositories…
2020-07-15 11:52:02.033  INFO 7628 --- [task-1] o.h.e.t.j.p.i.JtaPlatformInitiator       : HHH000490: Using JtaPlatform implementation: [org.hibernate.engine.transaction.jta.platform.internal.NoJtaPlatform]
2020-07-15 11:52:02.048  INFO 7628 --- [task-1] j.LocalContainerEntityManagerFactoryBean : Initialized JPA EntityManagerFactory for persistence unit 'default'
2020-07-15 11:52:02.440  INFO 7628 --- [main] DeferredRepositoryInitializationListener : Spring Data repositories initialized!
2020-07-15 11:52:06.856  INFO 7628 --- [main] c.g.i.m.MyWallpaperMgrApplicationKt      : Started MyWallpaperMgrApplicationKt in 20.978 seconds (JVM running for 25.063)
2020-07-15 11:52:17.404  INFO 7628 --- [http-nio-9876-exec-2] o.a.c.c.C.[Tomcat].[localhost].[/]       : Initializing Spring DispatcherServlet 'dispatcherServlet'
2020-07-15 11:52:17.405  INFO 7628 --- [http-nio-9876-exec-2] o.s.web.servlet.DispatcherServlet        : Initializing Servlet 'dispatcherServlet'
2020-07-15 11:52:17.419  INFO 7628 --- [http-nio-9876-exec-2] o.s.web.servlet.DispatcherServlet        : Completed initialization in 14 ms
2020-07-15 11:52:31.206  INFO 7628 --- [SpringContextShutdownHook] j.LocalContainerEntityManagerFactoryBean : Closing JPA EntityManagerFactory for persistence unit 'default'
2020-07-15 11:52:31.209  INFO 7628 --- [SpringContextShutdownHook] o.s.s.c.ThreadPoolTaskScheduler          : Shutting down ExecutorService 'taskScheduler'
2020-07-15 11:52:31.210  INFO 7628 --- [SpringContextShutdownHook] o.s.s.concurrent.ThreadPoolTaskExecutor  : Shutting down ExecutorService 'applicationTaskExecutor'
2020-07-15 11:52:31.211  INFO 7628 --- [SpringContextShutdownHook] com.zaxxer.hikari.HikariDataSource       : HikariPool-1 - Shutdown initiated...
2020-07-15 11:52:31.216  INFO 7628 --- [SpringContextShutdownHook] com.zaxxer.hikari.HikariDataSource       : HikariPool-1 - Shutdown completed.
2020-07-15 11:52:41.097  INFO 11468 --- [main] c.g.i.m.MyWallpaperMgrApplicationKt      : Starting MyWallpaperMgrApplicationKt on V1-PC with PID 11468 (C:\Users\W10\IdeaProjects\MyWallpaperMgr\target\classes started by W10 in C:\Users\W10\IdeaProjects\MyWallpaperMgr)
2020-07-15 11:52:41.103  INFO 11468 --- [main] c.g.i.m.MyWallpaperMgrApplicationKt      : No active profile set, falling back to default profiles: default
2020-07-15 11:52:42.857  INFO 11468 --- [main] .s.d.r.c.RepositoryConfigurationDelegate : Bootstrapping Spring Data JPA repositories in DEFERRED mode.
2020-07-15 11:52:42.986  INFO 11468 --- [main] .s.d.r.c.RepositoryConfigurationDelegate : Finished Spring Data repository scanning in 112ms. Found 1 JPA repository interfaces.
2020-07-15 11:52:43.995  INFO 11468 --- [main] o.s.b.w.embedded.tomcat.TomcatWebServer  : Tomcat initialized with port(s): 9876 (http)
2020-07-15 11:52:44.010  INFO 11468 --- [main] o.apache.catalina.core.StandardService   : Starting service [Tomcat]
2020-07-15 11:52:44.010  INFO 11468 --- [main] org.apache.catalina.core.StandardEngine  : Starting Servlet engine: [Apache Tomcat/9.0.36]
2020-07-15 11:52:44.163  INFO 11468 --- [main] o.a.c.c.C.[Tomcat].[localhost].[/]       : Initializing Spring embedded WebApplicationContext
2020-07-15 11:52:44.164  INFO 11468 --- [main] w.s.c.ServletWebServerApplicationContext : Root WebApplicationContext: initialization completed in 2911 ms
2020-07-15 11:52:44.246  INFO 11468 --- [main] com.zaxxer.hikari.HikariDataSource       : HikariPool-1 - Starting...
2020-07-15 11:52:53.357  INFO 11468 --- [main] com.zaxxer.hikari.HikariDataSource       : HikariPool-1 - Start completed.
2020-07-15 11:52:53.369  INFO 11468 --- [main] o.s.b.a.h2.H2ConsoleAutoConfiguration    : H2 console available at '/h2-console'. Database available at 'jdbc:h2:file:~/h2/mywallpapermgr'
2020-07-15 11:52:53.643  INFO 11468 --- [main] o.s.s.concurrent.ThreadPoolTaskExecutor  : Initializing ExecutorService 'applicationTaskExecutor'
2020-07-15 11:52:53.661  INFO 11468 --- [main] o.s.s.c.ThreadPoolTaskScheduler          : Initializing ExecutorService 'taskScheduler'
2020-07-15 11:52:53.741  INFO 11468 --- [task-1] o.hibernate.jpa.internal.util.LogHelper  : HHH000204: Processing PersistenceUnitInfo [name: default]
2020-07-15 11:52:53.839  INFO 11468 --- [task-1] org.hibernate.Version                    : HHH000412: Hibernate ORM core version 5.4.17.Final
2020-07-15 11:52:53.898  WARN 11468 --- [main] JpaBaseConfiguration$JpaWebConfiguration : spring.jpa.open-in-view is enabled by default. Therefore, database queries may be performed during view rendering. Explicitly configure spring.jpa.open-in-view to disable this warning
2020-07-15 11:52:54.135  INFO 11468 --- [task-1] o.hibernate.annotations.common.Version   : HCANN000001: Hibernate Commons Annotations {5.1.0.Final}
2020-07-15 11:52:54.376  INFO 11468 --- [task-1] org.hibernate.dialect.Dialect            : HHH000400: Using dialect: org.hibernate.dialect.H2Dialect
2020-07-15 11:52:54.622  INFO 11468 --- [main] o.s.b.w.embedded.tomcat.TomcatWebServer  : Tomcat started on port(s): 9876 (http) with context path ''
2020-07-15 11:52:54.627  INFO 11468 --- [main] DeferredRepositoryInitializationListener : Triggering deferred initialization of Spring Data repositories…
2020-07-15 11:52:55.314  INFO 11468 --- [task-1] o.h.e.t.j.p.i.JtaPlatformInitiator       : HHH000490: Using JtaPlatform implementation: [org.hibernate.engine.transaction.jta.platform.internal.NoJtaPlatform]
2020-07-15 11:52:55.331  INFO 11468 --- [task-1] j.LocalContainerEntityManagerFactoryBean : Initialized JPA EntityManagerFactory for persistence unit 'default'
2020-07-15 11:52:55.720  INFO 11468 --- [main] DeferredRepositoryInitializationListener : Spring Data repositories initialized!
2020-07-15 11:52:55.743  INFO 11468 --- [main] c.g.i.m.MyWallpaperMgrApplicationKt      : Started MyWallpaperMgrApplicationKt in 15.898 seconds (JVM running for 20.418)
